2022-10-16 22:46:19,728: INFO: ---------- New Test ----------
2022-10-16 22:46:53,812: INFO: Finding filter of size 440...
2022-10-16 22:47:54,658: INFO: ---------- New Test ----------
2022-10-16 22:48:28,092: INFO: Finding filter of size 440...
2022-10-16 22:52:02,943: INFO: ---------- New Test ----------
2022-10-16 22:52:45,011: INFO: Finding filter of size 440...
2022-10-16 23:11:24,630: INFO: ---------- New Test ----------
2022-10-16 23:18:49,298: INFO: ---------- New Test ----------
2022-10-16 23:18:49,416: INFO: Setting file meta information...
2022-10-16 23:18:49,418: INFO: Setting pixel data...
2022-10-16 23:23:11,937: INFO: ---------- New Test ----------
2022-10-16 23:23:12,835: INFO: Image resize from (4084, 3328) to (2042, 1664)
2022-10-16 23:23:12,842: INFO: Image resize from (371, 396) to (185, 198)
2022-10-16 23:23:12,849: INFO: Setting file meta information...
2022-10-16 23:23:12,852: INFO: Setting pixel data...
2022-10-16 23:23:12,942: INFO: Setting file meta information...
2022-10-16 23:23:12,944: INFO: Setting pixel data...
2022-10-16 23:24:10,452: INFO: ---------- New Test ----------
2022-10-16 23:24:11,330: INFO: Image resize from (4084, 3328) to (1225, 998)
2022-10-16 23:24:11,336: INFO: Image resize from (371, 396) to (111, 118)
2022-10-16 23:24:11,339: INFO: Setting file meta information...
2022-10-16 23:24:11,341: INFO: Setting pixel data...
2022-10-16 23:24:11,372: INFO: Setting file meta information...
2022-10-16 23:24:11,375: INFO: Setting pixel data...
2022-10-16 23:24:38,720: INFO: ---------- New Test ----------
2022-10-16 23:24:39,639: INFO: Image resize from (4084, 3328) to (816, 665)
2022-10-16 23:24:39,645: INFO: Image resize from (371, 396) to (74, 79)
2022-10-16 23:24:39,646: INFO: Setting file meta information...
2022-10-16 23:24:39,648: INFO: Setting pixel data...
2022-10-16 23:24:39,664: INFO: Setting file meta information...
2022-10-16 23:24:39,666: INFO: Setting pixel data...
2022-10-16 23:25:35,487: INFO: ---------- New Test ----------
2022-10-16 23:25:36,651: INFO: Image resize from (4084, 3328) to (408, 332)
2022-10-16 23:25:36,665: INFO: Image resize from (371, 396) to (37, 39)
2022-10-16 23:25:36,665: INFO: Setting file meta information...
2022-10-16 23:25:36,668: INFO: Setting pixel data...
2022-10-16 23:25:36,675: INFO: Setting file meta information...
2022-10-16 23:25:36,677: INFO: Setting pixel data...
2022-10-16 23:26:56,458: INFO: ---------- New Test ----------
2022-10-16 23:26:57,019: INFO: Finding filter of size 38...
2022-10-16 23:28:03,278: INFO: Wavelet base created
2022-10-16 23:28:03,298: INFO: Image loaded
2022-10-16 23:28:03,299: INFO: Applying DWT for two dimensions...
2022-10-16 23:35:10,879: INFO: Showing results...
2022-10-16 23:37:39,673: INFO: ---------- New Test ----------
2022-10-16 23:37:40,020: INFO: Finding filter...
2022-10-16 23:38:20,443: INFO: Wavelet base created
2022-10-16 23:38:20,453: INFO: Image loaded
2022-10-16 23:38:20,453: INFO: Applying DWT for two dimensions...
2022-10-16 23:38:20,538: INFO: Showing results...
2022-10-16 23:53:53,104: INFO: ---------- New Test ----------
2022-10-16 23:53:53,243: INFO: Finding filter...
2022-10-16 23:57:34,308: INFO: ---------- New Test ----------
2022-10-16 23:57:34,440: INFO: Finding filter of size 38...
2022-10-16 23:59:22,369: INFO: ---------- New Test ----------
2022-10-16 23:59:22,494: INFO: Finding filter of size 38...
2022-10-17 00:00:03,846: INFO: ---------- New Test ----------
2022-10-17 00:00:03,972: INFO: Finding filter of size 38...
2022-10-17 00:01:49,569: INFO: ---------- New Test ----------
2022-10-17 00:01:49,700: INFO: Finding filter of size 38...
