\BOOKMARK [0][-]{chapter*.9}{Introducci\363n}{}% 1
\BOOKMARK [0][-]{chapter.1}{Marco te\363rico}{}% 2
\BOOKMARK [1][-]{section.1.1}{Introducci\363n a las Wavelets}{chapter.1}% 3
\BOOKMARK [2][-]{subsection.1.1.1}{Definiciones}{section.1.1}% 4
\BOOKMARK [2][-]{subsection.1.1.2}{Banco de Filtros}{section.1.1}% 5
\BOOKMARK [2][-]{subsection.1.1.3}{Trasformada Shapelet Discreta}{section.1.1}% 6
\BOOKMARK [1][-]{section.1.2}{Wavelets en dos dimensiones}{chapter.1}% 7
\BOOKMARK [2][-]{subsection.1.2.1}{Definiciones}{section.1.2}% 8
\BOOKMARK [2][-]{subsection.1.2.2}{Banco de filtros}{section.1.2}% 9
\BOOKMARK [0][-]{chapter.2}{Propuesta}{}% 10
\BOOKMARK [1][-]{section.2.1}{Definici\363n del filtro}{chapter.2}% 11
\BOOKMARK [1][-]{section.2.2}{C\341lculo del filtro}{chapter.2}% 12
\BOOKMARK [0][-]{chapter.3}{Experimentos}{}% 13
\BOOKMARK [1][-]{section.3.1}{M\351todos para resolver sistemas de ecuaciones no lineales}{chapter.3}% 14
\BOOKMARK [2][-]{subsection.3.1.1}{M\351todo de Newton}{section.3.1}% 15
\BOOKMARK [2][-]{subsection.3.1.2}{M\351todo Cuasi-Newton}{section.3.1}% 16
\BOOKMARK [2][-]{subsection.3.1.3}{M\351todo de Descenso por Gradiente}{section.3.1}% 17
\BOOKMARK [2][-]{subsection.3.1.4}{M\351todo de Runge-Kutta}{section.3.1}% 18
\BOOKMARK [2][-]{subsection.3.1.5}{Gekko}{section.3.1}% 19
\BOOKMARK [2][-]{subsection.3.1.6}{Mejores Resultados}{section.3.1}% 20
\BOOKMARK [1][-]{section.3.2}{Algoritmo de reconocimiento en una dimensi\363n}{chapter.3}% 21
\BOOKMARK [1][-]{section.3.3}{Algoritmo de reconocimiento en dos dimensiones}{chapter.3}% 22
\BOOKMARK [0][-]{section*.29}{Conclusiones}{}% 23
\BOOKMARK [0][-]{section*.31}{Recomendaciones}{}% 24
\BOOKMARK [0][-]{chapter*.33}{Bibliograf\355a}{}% 25
